PhotoLapse - copia/app/build/intermediates/manifest_merge_blame_file/release/processReleaseMainManifest/manifest-merger-blame-release-report.txt
1<?xml version="1.0" encoding="utf-8"?>
2<manifest xmlns:android="http://schemas.android.com/apk/res/android"
3    package="suzdalenko.photolapse"
4    android:versionCode="2"
5    android:versionName="2.0" >
6
7    <uses-sdk
8        android:minSdkVersion="24"
9        android:targetSdkVersion="34" />
10
11    <uses-feature
11-->src\main\AndroidManifest.xml:5:5-7:36
12        android:name="android.hardware.camera"
12-->src\main\AndroidManifest.xml:6:9-47
13        android:required="false" />
13-->src\main\AndroidManifest.xml:7:9-33
14
15    <uses-permission android:name="android.permission.INTERNET" />
15-->src\main\AndroidManifest.xml:9:5-67
15-->src\main\AndroidManifest.xml:9:22-64
16    <uses-permission android:name="android.permission.RECEIVE_BOOT_COMPLETED" />
16-->src\main\AndroidManifest.xml:10:5-81
16-->src\main\AndroidManifest.xml:10:22-78
17    <uses-permission android:name="android.permission.SYSTEM_ALERT_WINDOW" />
17-->src\main\AndroidManifest.xml:11:5-78
17-->src\main\AndroidManifest.xml:11:22-75
18    <uses-permission android:name="android.permission.CAMERA" />
18-->src\main\AndroidManifest.xml:12:5-65
18-->src\main\AndroidManifest.xml:12:22-62
19    <uses-permission android:name="android.permission.WRITE_EXTERNAL_STORAGE" />
19-->src\main\AndroidManifest.xml:13:5-81
19-->src\main\AndroidManifest.xml:13:22-78
20    <uses-permission android:name="android.permission.READ_EXTERNAL_STORAGE" />
20-->src\main\AndroidManifest.xml:14:5-80
20-->src\main\AndroidManifest.xml:14:22-77
21    <uses-permission android:name="android.permission.FOREGROUND_SERVICE" />
21-->src\main\AndroidManifest.xml:15:5-77
21-->src\main\AndroidManifest.xml:15:22-74
22    <uses-permission android:name="android.permission.FOREGROUND_SERVICE_CAMERA" />
22-->src\main\AndroidManifest.xml:16:5-84
22-->src\main\AndroidManifest.xml:16:22-81
23    <uses-permission android:name="android.permission.WAKE_LOCK" />
23-->src\main\AndroidManifest.xml:17:5-68
23-->src\main\AndroidManifest.xml:17:22-65
24
25    <permission
25-->[androidx.core:core:1.13.1] AndroidManifest.xml:22:5-24:47
26        android:name="suzdalenko.photolapse.DYNAMIC_RECEIVER_NOT_EXPORTED_PERMISSION"
26-->[androidx.core:core:1.13.1] AndroidManifest.xml:23:9-81
27        android:protectionLevel="signature" />
27-->[androidx.core:core:1.13.1] AndroidManifest.xml:24:9-44
28
29    <uses-permission android:name="suzdalenko.photolapse.DYNAMIC_RECEIVER_NOT_EXPORTED_PERMISSION" />
29-->[androidx.core:core:1.13.1] AndroidManifest.xml:26:5-97
29-->[androidx.core:core:1.13.1] AndroidManifest.xml:26:22-94
30
31    <application
31-->src\main\AndroidManifest.xml:19:5-94:19
32        android:name="suzdalenko.photolapse.util.MyApp"
32-->src\main\AndroidManifest.xml:20:9-56
33        android:allowBackup="true"
33-->src\main\AndroidManifest.xml:21:9-35
34        android:appComponentFactory="androidx.core.app.CoreComponentFactory"
34-->[androidx.core:core:1.13.1] AndroidManifest.xml:28:18-86
35        android:dataExtractionRules="@xml/data_extraction_rules"
35-->src\main\AndroidManifest.xml:22:9-65
36        android:extractNativeLibs="false"
37        android:fullBackupContent="@xml/backup_rules"
37-->src\main\AndroidManifest.xml:23:9-54
38        android:icon="@mipmap/ic_launcher"
38-->src\main\AndroidManifest.xml:24:9-43
39        android:label="@string/app_name"
39-->src\main\AndroidManifest.xml:25:9-41
40        android:roundIcon="@mipmap/ic_launcher_round"
40-->src\main\AndroidManifest.xml:26:9-54
41        android:supportsRtl="true"
41-->src\main\AndroidManifest.xml:27:9-35
42        android:theme="@style/Theme.FroxaImagenes"
42-->src\main\AndroidManifest.xml:28:9-51
43        android:usesCleartextTraffic="false" >
43-->src\main\AndroidManifest.xml:29:9-45
44        <uses-library
44-->src\main\AndroidManifest.xml:32:9-34:40
45            android:name="org.apache.http.legacy"
45-->src\main\AndroidManifest.xml:33:13-50
46            android:required="false" />
46-->src\main\AndroidManifest.xml:34:13-37
47
48        <meta-data
48-->src\main\AndroidManifest.xml:36:9-38:69
49            android:name="androidx.camera.default.impl"
49-->src\main\AndroidManifest.xml:37:13-56
50            android:value="androidx.camera.camera2.Camera2Config" />
50-->src\main\AndroidManifest.xml:38:13-66
51
52        <provider
53            android:name="androidx.core.content.FileProvider"
53-->src\main\AndroidManifest.xml:41:13-62
54            android:authorities="suzdalenko.photolapse.fileprovider"
54-->src\main\AndroidManifest.xml:42:13-64
55            android:exported="false"
55-->src\main\AndroidManifest.xml:43:13-37
56            android:grantUriPermissions="true" >
56-->src\main\AndroidManifest.xml:44:13-47
57            <meta-data
57-->src\main\AndroidManifest.xml:45:13-47:54
58                android:name="android.support.FILE_PROVIDER_PATHS"
58-->src\main\AndroidManifest.xml:46:17-67
59                android:resource="@xml/file_paths" />
59-->src\main\AndroidManifest.xml:47:17-51
60        </provider>
61
62        <activity
62-->src\main\AndroidManifest.xml:50:9-53:51
63            android:name="suzdalenko.photolapse.ui.CameraActivity"
63-->src\main\AndroidManifest.xml:51:13-67
64            android:configChanges="screenSize|smallestScreenSize|screenLayout|orientation"
64-->src\main\AndroidManifest.xml:50:19-97
65            android:exported="false"
65-->src\main\AndroidManifest.xml:52:13-37
66            android:launchMode="singleInstance"
66-->src\main\AndroidManifest.xml:53:13-48
67            android:supportsPictureInPicture="true" />
67-->src\main\AndroidManifest.xml:50:98-137
68        <activity
68-->src\main\AndroidManifest.xml:54:9-57:58
69            android:name="suzdalenko.photolapse.ui.ClickCaptureActivity"
69-->src\main\AndroidManifest.xml:55:13-73
70            android:exported="false"
70-->src\main\AndroidManifest.xml:56:13-37
71            android:theme="@style/Theme.FroxaImagenes" />
71-->src\main\AndroidManifest.xml:57:13-55
72        <activity
72-->src\main\AndroidManifest.xml:58:9-65:20
73            android:name="suzdalenko.photolapse.ui.MainActivity"
73-->src\main\AndroidManifest.xml:59:13-65
74            android:exported="true"
74-->src\main\AndroidManifest.xml:60:13-36
75            android:launchMode="singleInstance" >
75-->src\main\AndroidManifest.xml:60:38-73
76            <intent-filter>
76-->src\main\AndroidManifest.xml:61:13-64:29
77                <action android:name="android.intent.action.MAIN" />
77-->src\main\AndroidManifest.xml:62:17-69
77-->src\main\AndroidManifest.xml:62:25-66
78
79                <category android:name="android.intent.category.LAUNCHER" />
79-->src\main\AndroidManifest.xml:63:17-77
79-->src\main\AndroidManifest.xml:63:27-74
80            </intent-filter>
81        </activity>
82
83        <receiver
83-->src\main\AndroidManifest.xml:67:9-75:20
84            android:name="suzdalenko.photolapse.receiver.BootReceiver"
84-->src\main\AndroidManifest.xml:68:13-71
85            android:enabled="true"
85-->src\main\AndroidManifest.xml:69:13-35
86            android:exported="true" >
86-->src\main\AndroidManifest.xml:70:13-36
87            <intent-filter>
87-->src\main\AndroidManifest.xml:71:13-74:29
88                <action android:name="android.intent.action.BOOT_COMPLETED" />
88-->src\main\AndroidManifest.xml:72:17-79
88-->src\main\AndroidManifest.xml:72:25-76
89
90                <category android:name="android.intent.category.DEFAULT" />
90-->src\main\AndroidManifest.xml:73:17-76
90-->src\main\AndroidManifest.xml:73:27-73
91            </intent-filter>
92        </receiver>
93        <receiver
93-->src\main\AndroidManifest.xml:76:9-84:20
94            android:name="suzdalenko.photolapse.receiver.FirstPlaneReceiver"
94-->src\main\AndroidManifest.xml:77:13-77
95            android:enabled="true"
95-->src\main\AndroidManifest.xml:78:13-35
96            android:exported="true"
96-->src\main\AndroidManifest.xml:79:13-36
97            android:permission="TODO" >
97-->src\main\AndroidManifest.xml:80:13-38
98            <intent-filter>
98-->src\main\AndroidManifest.xml:81:13-83:29
99                <action android:name="com.example.ACTION_EVENT" />
99-->src\main\AndroidManifest.xml:82:17-67
99-->src\main\AndroidManifest.xml:82:25-64
100            </intent-filter>
101        </receiver>
102
103        <service
103-->src\main\AndroidManifest.xml:86:9-89:54
104            android:name="suzdalenko.photolapse.service.FileUploadService"
104-->src\main\AndroidManifest.xml:87:13-75
105            android:exported="false"
105-->src\main\AndroidManifest.xml:88:13-37
106            android:foregroundServiceType="camera" />
106-->src\main\AndroidManifest.xml:89:13-51
107        <service
107-->src\main\AndroidManifest.xml:90:9-93:54
108            android:name="suzdalenko.photolapse.service.FotoCreateService"
108-->src\main\AndroidManifest.xml:91:13-75
109            android:exported="false"
109-->src\main\AndroidManifest.xml:92:13-37
110            android:foregroundServiceType="camera" />
110-->src\main\AndroidManifest.xml:93:13-51
111        <service
111-->[androidx.camera:camera-camera2:1.3.4] AndroidManifest.xml:24:9-33:19
112            android:name="androidx.camera.core.impl.MetadataHolderService"
112-->[androidx.camera:camera-camera2:1.3.4] AndroidManifest.xml:25:13-75
113            android:enabled="false"
113-->[androidx.camera:camera-camera2:1.3.4] AndroidManifest.xml:26:13-36
114            android:exported="false" >
114-->[androidx.camera:camera-camera2:1.3.4] AndroidManifest.xml:27:13-37
115            <meta-data
115-->[androidx.camera:camera-camera2:1.3.4] AndroidManifest.xml:30:13-32:89
116                android:name="androidx.camera.core.impl.MetadataHolderService.DEFAULT_CONFIG_PROVIDER"
116-->[androidx.camera:camera-camera2:1.3.4] AndroidManifest.xml:31:17-103
117                android:value="androidx.camera.camera2.Camera2Config$DefaultProvider" />
117-->[androidx.camera:camera-camera2:1.3.4] AndroidManifest.xml:32:17-86
118        </service>
119
120        <provider
120-->[androidx.emoji2:emoji2:1.3.0] AndroidManifest.xml:24:9-32:20
121            android:name="androidx.startup.InitializationProvider"
121-->[androidx.emoji2:emoji2:1.3.0] AndroidManifest.xml:25:13-67
122            android:authorities="suzdalenko.photolapse.androidx-startup"
122-->[androidx.emoji2:emoji2:1.3.0] AndroidManifest.xml:26:13-68
123            android:exported="false" >
123-->[androidx.emoji2:emoji2:1.3.0] AndroidManifest.xml:27:13-37
124            <meta-data
124-->[androidx.emoji2:emoji2:1.3.0] AndroidManifest.xml:29:13-31:52
125                android:name="androidx.emoji2.text.EmojiCompatInitializer"
125-->[androidx.emoji2:emoji2:1.3.0] AndroidManifest.xml:30:17-75
126                android:value="androidx.startup" />
126-->[androidx.emoji2:emoji2:1.3.0] AndroidManifest.xml:31:17-49
127            <meta-data
127-->[androidx.lifecycle:lifecycle-process:2.6.2] AndroidManifest.xml:29:13-31:52
128                android:name="androidx.lifecycle.ProcessLifecycleInitializer"
128-->[androidx.lifecycle:lifecycle-process:2.6.2] AndroidManifest.xml:30:17-78
129                android:value="androidx.startup" />
129-->[androidx.lifecycle:lifecycle-process:2.6.2] AndroidManifest.xml:31:17-49
130            <meta-data
130-->[androidx.profileinstaller:profileinstaller:1.3.1] AndroidManifest.xml:29:13-31:52
131                android:name="androidx.profileinstaller.ProfileInstallerInitializer"
131-->[androidx.profileinstaller:profileinstaller:1.3.1] AndroidManifest.xml:30:17-85
132                android:value="androidx.startup" />
132-->[androidx.profileinstaller:profileinstaller:1.3.1] AndroidManifest.xml:31:17-49
133        </provider>
134
135        <uses-library
135-->[androidx.window:window:1.0.0] AndroidManifest.xml:25:9-27:40
136            android:name="androidx.window.extensions"
136-->[androidx.window:window:1.0.0] AndroidManifest.xml:26:13-54
137            android:required="false" />
137-->[androidx.window:window:1.0.0] AndroidManifest.xml:27:13-37
138        <uses-library
138-->[androidx.window:window:1.0.0] AndroidManifest.xml:28:9-30:40
139            android:name="androidx.window.sidecar"
139-->[androidx.window:window:1.0.0] AndroidManifest.xml:29:13-51
140            android:required="false" />
140-->[androidx.window:window:1.0.0] AndroidManifest.xml:30:13-37
141
142        <receiver
142-->[androidx.profileinstaller:profileinstaller:1.3.1] AndroidManifest.xml:34:9-52:20
143            android:name="androidx.profileinstaller.ProfileInstallReceiver"
143-->[androidx.profileinstaller:profileinstaller:1.3.1] AndroidManifest.xml:35:13-76
144            android:directBootAware="false"
144-->[androidx.profileinstaller:profileinstaller:1.3.1] AndroidManifest.xml:36:13-44
145            android:enabled="true"
145-->[androidx.profileinstaller:profileinstaller:1.3.1] AndroidManifest.xml:37:13-35
146            android:exported="true"
146-->[androidx.profileinstaller:profileinstaller:1.3.1] AndroidManifest.xml:38:13-36
147            android:permission="android.permission.DUMP" >
147-->[androidx.profileinstaller:profileinstaller:1.3.1] AndroidManifest.xml:39:13-57
148            <intent-filter>
148-->[androidx.profileinstaller:profileinstaller:1.3.1] AndroidManifest.xml:40:13-42:29
149                <action android:name="androidx.profileinstaller.action.INSTALL_PROFILE" />
149-->[androidx.profileinstaller:profileinstaller:1.3.1] AndroidManifest.xml:41:17-91
149-->[androidx.profileinstaller:profileinstaller:1.3.1] AndroidManifest.xml:41:25-88
150            </intent-filter>
151            <intent-filter>
151-->[androidx.profileinstaller:profileinstaller:1.3.1] AndroidManifest.xml:43:13-45:29
152                <action android:name="androidx.profileinstaller.action.SKIP_FILE" />
152-->[androidx.profileinstaller:profileinstaller:1.3.1] AndroidManifest.xml:44:17-85
152-->[androidx.profileinstaller:profileinstaller:1.3.1] AndroidManifest.xml:44:25-82
153            </intent-filter>
154            <intent-filter>
154-->[androidx.profileinstaller:profileinstaller:1.3.1] AndroidManifest.xml:46:13-48:29
155                <action android:name="androidx.profileinstaller.action.SAVE_PROFILE" />
155-->[androidx.profileinstaller:profileinstaller:1.3.1] AndroidManifest.xml:47:17-88
155-->[androidx.profileinstaller:profileinstaller:1.3.1] AndroidManifest.xml:47:25-85
156            </intent-filter>
157            <intent-filter>
157-->[androidx.profileinstaller:profileinstaller:1.3.1] AndroidManifest.xml:49:13-51:29
158                <action android:name="androidx.profileinstaller.action.BENCHMARK_OPERATION" />
158-->[androidx.profileinstaller:profileinstaller:1.3.1] AndroidManifest.xml:50:17-95
158-->[androidx.profileinstaller:profileinstaller:1.3.1] AndroidManifest.xml:50:25-92
159            </intent-filter>
160        </receiver>
161    </application>
162
163</manifest>